This is pdfTeX, Version 3.14159265-2.6-1.40.20 (TeX Live 2019) (preloaded format=pdflatex 2019.11.8)  11 NOV 2019 02:25
entering extended mode
 restricted \write18 enabled.
 %&-line parsing enabled.
**chapter4.tex
(./chapter4.tex
LaTeX2e <2019-10-01> patch level 1
! Undefined control sequence.
l.1 \chapter
            {总结与展望}
The control sequence at the end of the top line
of your error message was never \def'ed. If you have
misspelled it (e.g., `\hobx'), type `I' and the correct
spelling (e.g., `I\hbox'). Otherwise just continue,
and I'll forget about whatever was undefined.


! Package inputenc Error: Unicode character 总 (U+603B)
(inputenc)                not set up for use with LaTeX.

See the inputenc package documentation for explanation.
Type  H <return>  for immediate help.
 ...                                              
                                                  
l.1 \chapter{总
                结与展望}
You may provide a definition with
\DeclareUnicodeCharacter 


! Package inputenc Error: Unicode character 结 (U+7ED3)
(inputenc)                not set up for use with LaTeX.

See the inputenc package documentation for explanation.
Type  H <return>  for immediate help.
 ...                                              
                                                  
l.1 \chapter{总结
                   与展望}
You may provide a definition with
\DeclareUnicodeCharacter 


! Package inputenc Error: Unicode character 与 (U+4E0E)
(inputenc)                not set up for use with LaTeX.

See the inputenc package documentation for explanation.
Type  H <return>  for immediate help.
 ...                                              
                                                  
l.1 \chapter{总结与
                      展望}
You may provide a definition with
\DeclareUnicodeCharacter 


! Package inputenc Error: Unicode character 展 (U+5C55)
(inputenc)                not set up for use with LaTeX.

See the inputenc package documentation for explanation.
Type  H <return>  for immediate help.
 ...                                              
                                                  
l.1 \chapter{总结与展
                         望}
You may provide a definition with
\DeclareUnicodeCharacter 


! Package inputenc Error: Unicode character 望 (U+671B)
(inputenc)                not set up for use with LaTeX.

See the inputenc package documentation for explanation.
Type  H <return>  for immediate help.
 ...                                              
                                                  
l.1 \chapter{总结与展望
                            }
You may provide a definition with
\DeclareUnicodeCharacter 


! Package inputenc Error: Unicode character 我 (U+6211)
(inputenc)                not set up for use with LaTeX.

See the inputenc package documentation for explanation.
Type  H <return>  for immediate help.
 ...                                              
                                                  
l.3 我
       这都是写得啥呀……
You may provide a definition with
\DeclareUnicodeCharacter 


! Package inputenc Error: Unicode character 这 (U+8FD9)
(inputenc)                not set up for use with LaTeX.

See the inputenc package documentation for explanation.
Type  H <return>  for immediate help.
 ...                                              
                                                  
l.3 我这
          都是写得啥呀……
You may provide a definition with
\DeclareUnicodeCharacter 


! Package inputenc Error: Unicode character 都 (U+90FD)
(inputenc)                not set up for use with LaTeX.

See the inputenc package documentation for explanation.
Type  H <return>  for immediate help.
 ...                                              
                                                  
l.3 我这都
             是写得啥呀……
You may provide a definition with
\DeclareUnicodeCharacter 


! Package inputenc Error: Unicode character 是 (U+662F)
(inputenc)                not set up for use with LaTeX.

See the inputenc package documentation for explanation.
Type  H <return>  for immediate help.
 ...                                              
                                                  
l.3 我这都是
                写得啥呀……
You may provide a definition with
\DeclareUnicodeCharacter 


! Package inputenc Error: Unicode character 写 (U+5199)
(inputenc)                not set up for use with LaTeX.

See the inputenc package documentation for explanation.
Type  H <return>  for immediate help.
 ...                                              
                                                  
l.3 我这都是写
                   得啥呀……
You may provide a definition with
\DeclareUnicodeCharacter 


! Package inputenc Error: Unicode character 得 (U+5F97)
(inputenc)                not set up for use with LaTeX.

See the inputenc package documentation for explanation.
Type  H <return>  for immediate help.
 ...                                              
                                                  
l.3 我这都是写得
                      啥呀……
You may provide a definition with
\DeclareUnicodeCharacter 


! Package inputenc Error: Unicode character 啥 (U+5565)
(inputenc)                not set up for use with LaTeX.

See the inputenc package documentation for explanation.
Type  H <return>  for immediate help.
 ...                                              
                                                  
l.3 我这都是写得啥
                         呀……
You may provide a definition with
\DeclareUnicodeCharacter 


! Package inputenc Error: Unicode character 呀 (U+5440)
(inputenc)                not set up for use with LaTeX.

See the inputenc package documentation for explanation.
Type  H <return>  for immediate help.
 ...                                              
                                                  
l.3 我这都是写得啥呀
                            ……
You may provide a definition with
\DeclareUnicodeCharacter 


! LaTeX Error: Missing \begin{document}.

See the LaTeX manual or LaTeX Companion for explanation.
Type  H <return>  for immediate help.
 ...                                              
                                                  
l.3 我这都是写得啥呀…
                               …
You're in trouble here.  Try typing  <return>  to proceed.
If that doesn't work, type  X <return>  to quit.

Missing character: There is no . in font nullfont!
Missing character: There is no . in font nullfont!
Missing character: There is no . in font nullfont!
Missing character: There is no . in font nullfont!
Missing character: There is no . in font nullfont!
Missing character: There is no . in font nullfont!
)
! Emergency stop.
<*> chapter4.tex
                
*** (job aborted, no legal \end found)

 
Here is how much of TeX's memory you used:
 19 strings out of 492167
 222 string characters out of 6125389
 59516 words of memory out of 5000000
 4482 multiletter control sequences out of 15000+600000
 3640 words of font info for 14 fonts, out of 8000000 for 9000
 1141 hyphenation exceptions out of 8191
 11i,0n,11p,60b,21s stack positions out of 5000i,500n,10000p,200000b,80000s
!  ==> Fatal error occurred, no output PDF file produced!
