\BOOKMARK [0][-]{titlepage.0}{\376\377\134\001\227\142}{}% 1
\BOOKMARK [0][-]{cabstract.0}{\376\377\144\130\211\201}{}% 2
\BOOKMARK [0][-]{eabstract.0}{\376\377\000A\000B\000S\000T\000R\000A\000C\000T}{}% 3
\BOOKMARK [0][-]{contents.0}{\376\377\166\356\137\125}{}% 4
\BOOKMARK [0][-]{chapter.1}{\376\377\176\352\213\272}{}% 5
\BOOKMARK [0][-]{chapter.2}{\376\377\127\316\136\002\225\364\134\072\136\246\377\032\000Z\000i\000p\000f\137\213\060\001\127\316\136\002\200\132\226\306\117\123\060\001\127\316\136\002\155\214\163\260\116\016\123\330\217\301}{}% 6
\BOOKMARK [1][-]{section.2.1}{\376\377\127\316\136\002\225\364\150\007\136\246\137\213}{chapter.2}% 7
\BOOKMARK [1][-]{section.2.2}{\376\377\127\316\136\002\200\132\226\306\117\123\166\204\152\041\127\213\116\016\120\166\123\321\116\213\116\366}{chapter.2}% 8
\BOOKMARK [1][-]{section.2.3}{\376\377\200\003\206\121\116\272\123\343\133\306\136\246\166\204\172\172\225\364\165\037\225\177\152\041\127\213}{chapter.2}% 9
\BOOKMARK [1][-]{section.2.4}{\376\377\165\037\225\177\152\041\127\213\166\204\213\260\137\306\145\110\136\224\060\001\127\316\136\002\166\204\121\164\210\160\123\330\217\301}{chapter.2}% 10
\BOOKMARK [0][-]{chapter.3}{\376\377\127\316\136\002\121\205\220\350\131\015\147\102\163\260\214\141\166\204\162\151\164\006\211\343\221\312}{}% 11
\BOOKMARK [1][-]{section.3.1}{\376\377\127\316\136\002\137\142\140\001\116\016\226\217\147\072\121\340\117\125\152\041\127\213}{chapter.3}% 12
\BOOKMARK [1][-]{section.3.2}{\376\377\127\316\136\002\116\244\220\032\174\373\176\337\166\204\140\047\215\050}{chapter.3}% 13
\BOOKMARK [1][-]{section.3.3}{\376\377\121\163\116\216\215\357\177\121\157\024\123\026\166\204\145\260\225\356\230\230}{chapter.3}% 14
\BOOKMARK [1][-]{section.3.4}{\376\377\215\350\134\072\136\246\152\041\127\213\060\001\165\037\225\177\152\041\127\213\166\204\213\260\137\306\145\110\136\224}{chapter.3}% 15
\BOOKMARK [0][-]{chapter.4}{\376\377\137\000\145\076\127\316\136\002\174\373\176\337}{}% 16
\BOOKMARK [1][-]{section.4.1}{\376\377\172\172\225\364\131\032\116\073\117\123\210\114\116\072\166\204\122\006\137\002\140\047\116\016\121\161\163\260\140\047}{chapter.4}% 17
\BOOKMARK [1][-]{section.4.2}{\376\377\127\316\136\002\211\201\175\040\116\244\116\222\166\204\131\015\147\102\140\047}{chapter.4}% 18
\BOOKMARK [1][-]{section.4.3}{\376\377\127\316\136\002\165\037\140\001\174\373\176\337\166\204\172\063\133\232\140\047\147\141\116\366\377\032\134\102\176\247\176\323\147\204\116\016\121\161\133\130\121\163\174\373}{chapter.4}% 19
\BOOKMARK [1][-]{section.4.4}{\376\377\116\000\116\052\117\213\133\120\377\032\172\172\225\364\121\154\127\060\140\262\122\147}{chapter.4}% 20
\BOOKMARK [0][-]{chapter.5}{\376\377\140\073\176\323\116\016\134\125\147\033}{}% 21
\BOOKMARK [0][-]{appendix.A}{\376\377\146\364\145\260\213\260\137\125}{}% 22
\BOOKMARK [1][-]{section.A.1}{\376\377\0001\000.\0003\000\040\162\110\116\345\124\016\166\204\146\364\145\260\213\260\137\125}{appendix.A}% 23
\BOOKMARK [1][-]{section.A.2}{\376\377\0001\000.\0003\000\040\123\312\121\166\116\345\122\115\162\110\147\054\166\204\146\364\145\260\213\260\137\125}{appendix.A}% 24
\BOOKMARK [0][-]{appendix*.15}{\376\377\201\364\214\042}{}% 25
